INFO 2024-08-09 12:08:37,655 autoreload 2052 7456 Watching for file changes with StatReloader
INFO 2024-08-09 12:08:49,570 basehttp 2052 10360 "POST /forms/user/add/ HTTP/1.1" 200 858
INFO 2024-08-09 12:10:11,316 autoreload 4884 11224 Watching for file changes with StatReloader
INFO 2024-08-09 12:10:14,994 basehttp 4884 5408 "POST /forms/user/add/ HTTP/1.1" 200 858
INFO 2024-08-09 12:10:17,260 basehttp 4884 5408 "POST /forms/user/add/ HTTP/1.1" 200 858
INFO 2024-08-09 13:14:23,330 autoreload 300 14652 Watching for file changes with StatReloader
INFO 2024-08-09 13:14:29,199 basehttp 300 1336 "POST /forms/user/add/ HTTP/1.1" 200 858
INFO 2024-08-09 13:14:35,848 basehttp 300 1336 "POST /forms/user/add/ HTTP/1.1" 200 858
INFO 2024-08-09 13:14:46,580 basehttp 300 1336 "POST /forms/user/add/ HTTP/1.1" 200 858
INFO 2024-08-09 13:14:49,857 basehttp 300 1336 "POST /forms/user/add/ HTTP/1.1" 200 858
INFO 2024-08-09 13:15:08,292 autoreload 300 14652 D:\GeekBrains\My_graduation_project_GB\recipesbook\formsapp\views.py changed, reloading.
INFO 2024-08-09 13:15:09,150 autoreload 10964 2816 Watching for file changes with StatReloader
INFO 2024-08-09 13:15:12,757 autoreload 15556 8880 Watching for file changes with StatReloader
INFO 2024-08-09 13:15:17,509 views 15556 12148 Получили name='hhhhh', email='fs@er.rew', age=100
INFO 2024-08-09 13:15:17,536 basehttp 15556 12148 "POST /forms/user/add/ HTTP/1.1" 200 858
INFO 2024-08-09 13:15:26,819 views 15556 12148 Получили name='hhhhh', email='fs@er.rew', age=100
INFO 2024-08-09 13:15:26,824 basehttp 15556 12148 "POST /forms/user/add/ HTTP/1.1" 200 858
INFO 2024-08-09 13:17:57,762 autoreload 8512 10124 Watching for file changes with StatReloader
INFO 2024-08-09 13:18:01,043 views 8512 14312 Получили name='hhhhh', email='fs@er.rew', age=100
INFO 2024-08-09 13:18:01,065 basehttp 8512 14312 "POST /forms/user/add/ HTTP/1.1" 200 858
INFO 2024-08-09 13:18:02,152 views 8512 14312 Получили name='hhhhh', email='fs@er.rew', age=100
INFO 2024-08-09 13:18:02,155 basehttp 8512 14312 "POST /forms/user/add/ HTTP/1.1" 200 858
INFO 2024-08-09 14:21:24,597 autoreload 6784 7920 Watching for file changes with StatReloader
INFO 2024-08-09 14:21:45,666 basehttp 6784 6788 "GET /forms/manyforms HTTP/1.1" 301 0
INFO 2024-08-09 14:21:45,731 basehttp 6784 1908 "GET /forms/manyforms/ HTTP/1.1" 200 1468
INFO 2024-08-09 14:22:30,556 views 6784 1908 Get form.cleaned_data={'name': 'Артем Геннадьевич Федотов', 'email': 'fedotoff144@inbox.com', 'age': 19, 'height': -1.0, 'is_active': True, 'birthday': datetime.date(2024, 8, 9), 'gender': 'M'}
INFO 2024-08-09 14:22:30,560 basehttp 6784 1908 "POST /forms/manyforms/ HTTP/1.1" 200 1594
INFO 2024-08-09 14:23:15,782 views 6784 1908 Get form.cleaned_data={'name': 'Артем Геннадьевич Федотов', 'email': 'fedotoff144@inbox.com', 'age': 19, 'height': -1.0, 'is_active': True, 'birthday': datetime.date(2024, 8, 9), 'gender': 'M'}
INFO 2024-08-09 14:23:15,789 basehttp 6784 1908 "POST /forms/manyforms/ HTTP/1.1" 200 1594
INFO 2024-08-09 14:23:20,942 autoreload 6784 7920 D:\GeekBrains\My_graduation_project_GB\recipesbook\formsapp\forms.py changed, reloading.
INFO 2024-08-09 14:23:30,646 autoreload 1380 12872 Watching for file changes with StatReloader
INFO 2024-08-09 14:23:37,605 views 1380 9524 Get form.cleaned_data={'name': 'Артем Геннадьевич Федотов', 'email': 'fedotoff144@inbox.com', 'age': 19, 'height': -1.0, 'is_active': True, 'birthday': datetime.date(2024, 8, 9), 'gender': 'M'}
INFO 2024-08-09 14:23:37,615 basehttp 1380 9524 "POST /forms/manyforms/ HTTP/1.1" 200 1594
INFO 2024-08-09 14:26:15,121 autoreload 1380 12872 D:\GeekBrains\My_graduation_project_GB\recipesbook\formsapp\forms.py changed, reloading.
INFO 2024-08-09 14:26:16,094 autoreload 8580 15012 Watching for file changes with StatReloader
INFO 2024-08-09 14:26:27,052 basehttp 8580 15516 "POST /forms/manyforms/ HTTP/1.1" 200 1663
INFO 2024-08-09 14:26:40,847 views 8580 15516 Get form.cleaned_data={'name': 'Артем Геннадьевич Федотов', 'email': 'fedotoff144@inbox.com', 'age': 19, 'height': -1.0, 'is_active': True, 'birthday': datetime.date(2024, 12, 12), 'gender': 'M'}
INFO 2024-08-09 14:26:40,852 basehttp 8580 15516 "POST /forms/manyforms/ HTTP/1.1" 200 1594
INFO 2024-08-09 14:32:46,319 autoreload 8580 15012 D:\GeekBrains\My_graduation_project_GB\recipesbook\formsapp\forms.py changed, reloading.
INFO 2024-08-09 14:32:47,259 autoreload 16168 8816 Watching for file changes with StatReloader
INFO 2024-08-09 14:33:06,456 autoreload 16168 8816 D:\GeekBrains\My_graduation_project_GB\recipesbook\formsapp\forms.py changed, reloading.
INFO 2024-08-09 14:33:07,371 autoreload 292 15980 Watching for file changes with StatReloader
INFO 2024-08-09 14:33:50,139 autoreload 292 15980 D:\GeekBrains\My_graduation_project_GB\recipesbook\formsapp\forms.py changed, reloading.
INFO 2024-08-09 14:33:50,987 autoreload 9384 15736 Watching for file changes with StatReloader
INFO 2024-08-09 14:34:00,927 autoreload 9384 15736 D:\GeekBrains\My_graduation_project_GB\recipesbook\formsapp\forms.py changed, reloading.
INFO 2024-08-09 14:34:01,888 autoreload 340 2132 Watching for file changes with StatReloader
INFO 2024-08-09 14:34:10,613 autoreload 340 2132 D:\GeekBrains\My_graduation_project_GB\recipesbook\formsapp\forms.py changed, reloading.
INFO 2024-08-09 14:34:11,432 autoreload 9336 16148 Watching for file changes with StatReloader
INFO 2024-08-09 14:34:30,475 autoreload 9336 16148 D:\GeekBrains\My_graduation_project_GB\recipesbook\formsapp\forms.py changed, reloading.
INFO 2024-08-09 14:34:31,415 autoreload 10968 15800 Watching for file changes with StatReloader
INFO 2024-08-09 14:54:41,500 autoreload 16196 12800 Watching for file changes with StatReloader
INFO 2024-08-09 14:58:57,962 autoreload 14940 10916 Watching for file changes with StatReloader
INFO 2024-08-09 15:00:43,560 autoreload 3296 4640 Watching for file changes with StatReloader
INFO 2024-08-09 15:01:01,023 basehttp 3296 15288 "GET /forms/mffw HTTP/1.1" 301 0
INFO 2024-08-09 15:01:01,067 basehttp 3296 10708 "GET /forms/mffw/ HTTP/1.1" 200 2223
INFO 2024-08-09 15:01:51,900 views 3296 10708 Get form.cleaned_data={'name': 'fsf', 'email': 'hhhgkhJ@ll.jkl', 'age': 20, 'height': 0.0, 'is_active': False, 'birthday': datetime.date(2024, 8, 9), 'gender': 'M', 'message': 'fsdfsf'}
INFO 2024-08-09 15:01:51,906 basehttp 3296 10708 "POST /forms/mffw/ HTTP/1.1" 200 2293
INFO 2024-08-09 15:04:26,310 autoreload 5052 16228 Watching for file changes with StatReloader
INFO 2024-08-09 15:04:31,014 views 5052 5492 Get form.cleaned_data={'name': 'fsf', 'email': 'hhhgkhJ@ll.jkl', 'age': 20, 'height': 0.0, 'is_active': False, 'birthday': datetime.date(2024, 8, 9), 'gender': 'M', 'message': 'fsdfsf'}
INFO 2024-08-09 15:04:31,044 basehttp 5052 5492 "POST /forms/mffw/ HTTP/1.1" 200 2293
INFO 2024-08-09 15:16:01,046 autoreload 2312 9308 Watching for file changes with StatReloader
INFO 2024-08-09 15:16:20,717 basehttp 2312 16072 "GET /forms/user/add/ HTTP/1.1" 200 814
INFO 2024-08-09 15:16:43,153 basehttp 2312 16072 "POST /forms/user/add/ HTTP/1.1" 200 1033
INFO 2024-08-09 15:47:22,215 autoreload 15304 15628 Watching for file changes with StatReloader
INFO 2024-08-09 15:47:36,255 basehttp 15304 8808 "POST /forms/user/add/ HTTP/1.1" 200 1060
INFO 2024-08-09 15:47:57,506 basehttp 15304 8808 "POST /forms/user/add/ HTTP/1.1" 200 971
INFO 2024-08-09 15:49:03,543 basehttp 15304 8808 "POST /forms/user/add/ HTTP/1.1" 200 969
INFO 2024-08-09 15:49:20,474 basehttp 15304 8808 "POST /forms/user/add/ HTTP/1.1" 200 890
INFO 2024-08-09 15:49:37,273 basehttp 15304 8808 "POST /forms/user/add/ HTTP/1.1" 200 888
INFO 2024-08-09 15:49:50,897 basehttp 15304 8808 "POST /forms/user/add/ HTTP/1.1" 200 888
INFO 2024-08-09 15:49:58,975 basehttp 15304 8808 "POST /forms/user/add/ HTTP/1.1" 200 888
INFO 2024-08-09 16:32:34,846 autoreload 13812 3132 Watching for file changes with StatReloader
INFO 2024-08-09 16:32:48,698 basehttp 13812 8272 "GET /forms/upload HTTP/1.1" 301 0
INFO 2024-08-09 16:32:48,749 basehttp 13812 8076 "GET /forms/upload/ HTTP/1.1" 200 607
INFO 2024-08-09 16:33:01,334 basehttp 13812 8076 "POST /forms/upload/ HTTP/1.1" 200 607
INFO 2024-08-09 16:33:45,211 basehttp 13812 8076 "POST /forms/upload/ HTTP/1.1" 200 607
INFO 2024-08-09 16:34:21,879 basehttp 13812 8076 "POST /forms/upload/ HTTP/1.1" 200 607
INFO 2024-08-09 16:34:32,513 basehttp 13812 8076 "POST /forms/upload/ HTTP/1.1" 200 607
